{"uuid":"04de7709-4838-4947-9527-19080efd1066","historyId":"1291f6db5e81aa4514936d6c03e1d5ea","testCaseId":"a63d2c38f6c4e468477f22cfa013c577","fullName":"src/test/resources/features/bookStore.feature:9","labels":[{"name":"tag","value":"regression"},{"name":"tag","value":"ui"},{"name":"tag","value":"bookSearch"},{"name":"host","value":"Ege-MacBook-Pro.home"},{"name":"thread","value":"19344@Ege-MacBook-Pro.home.TestNG-PoolService-2(20)"},{"name":"feature","value":"Book Store Search Box Tests"},{"name":"story","value":"User can search non-existing books"},{"name":"suite","value":"Book Store Search Box Tests"},{"name":"testClass","value":"User can search non-existing books"},{"name":"framework","value":"cucumber4jvm"},{"name":"language","value":"java"},{"name":"gherkin_uri","value":"file:///Users/egeacar/Desktop/QAEngineerTask/UI_API_Automation_Demo/src/test/resources/features/bookStore.feature"},{"name":"package","value":"src.test.resources.features.bookStore_feature.Book Store Search Box Tests"}],"links":[],"name":"User can search non-existing books","status":"failed","statusDetails":{"known":false,"muted":false,"flaky":false,"message":"Book cannot found with this keyword\nActual: [Learning JavaScript Design Patterns, Speaking JavaScript, Programming JavaScript Applications, Eloquent JavaScript, Second Edition]\nExpected: JavaScript","trace":"java.lang.AssertionError: Book cannot found with this keyword\nActual: [Learning JavaScript Design Patterns, Speaking JavaScript, Programming JavaScript Applications, Eloquent JavaScript, Second Edition]\nExpected: JavaScript\n\tat demo.pages.BasePage.AssertListContainsString(BasePage.java:735)\n\tat demo.steps.BookStoreSteps.userVerifiesThatThereIsNotAnyDisplayedResult(BookStoreSteps.java:45)\n\tat ✽.user verifies that there is not any displayed result(file:///Users/egeacar/Desktop/QAEngineerTask/UI_API_Automation_Demo/src/test/resources/features/bookStore.feature:12)\nCaused by: java.lang.AssertionError: Book cannot found with this keyword expected [true] but found [false]\n\tat org.testng.Assert.fail(Assert.java:111)\n\tat org.testng.Assert.failNotEquals(Assert.java:1578)\n\tat org.testng.Assert.assertTrue(Assert.java:57)\n\tat demo.pages.BasePage.AssertListContainsString(BasePage.java:730)\n\tat demo.steps.BookStoreSteps.userVerifiesThatThereIsNotAnyDisplayedResult(BookStoreSteps.java:45)\n\tat java.base/jdk.internal.reflect.NativeMethodAccessorImpl.invoke0(Native Method)\n\tat java.base/jdk.internal.reflect.NativeMethodAccessorImpl.invoke(NativeMethodAccessorImpl.java:77)\n\tat java.base/jdk.internal.reflect.DelegatingMethodAccessorImpl.invoke(DelegatingMethodAccessorImpl.java:43)\n\tat java.base/java.lang.reflect.Method.invoke(Method.java:568)\n\tat io.cucumber.java.Invoker.doInvoke(Invoker.java:66)\n\tat io.cucumber.java.Invoker.invoke(Invoker.java:24)\n\tat io.cucumber.java.AbstractGlueDefinition.invokeMethod(AbstractGlueDefinition.java:47)\n\tat io.cucumber.java.JavaStepDefinition.execute(JavaStepDefinition.java:29)\n\tat io.cucumber.core.runner.CoreStepDefinition.execute(CoreStepDefinition.java:66)\n\tat io.cucumber.core.runner.PickleStepDefinitionMatch.runStep(PickleStepDefinitionMatch.java:63)\n\tat io.cucumber.core.runner.ExecutionMode$1.execute(ExecutionMode.java:10)\n\tat io.cucumber.core.runner.TestStep.executeStep(TestStep.java:81)\n\tat io.cucumber.core.runner.TestStep.run(TestStep.java:53)\n\tat io.cucumber.core.runner.PickleStepTestStep.run(PickleStepTestStep.java:51)\n\tat io.cucumber.core.runner.TestCase.run(TestCase.java:84)\n\tat io.cucumber.core.runner.Runner.runPickle(Runner.java:75)\n\tat io.cucumber.testng.TestNGCucumberRunner.lambda$runScenario$1(TestNGCucumberRunner.java:132)\n\tat io.cucumber.core.runtime.CucumberExecutionContext.lambda$runTestCase$5(CucumberExecutionContext.java:136)\n\tat io.cucumber.core.runtime.RethrowingThrowableCollector.executeAndThrow(RethrowingThrowableCollector.java:23)\n\tat io.cucumber.core.runtime.CucumberExecutionContext.runTestCase(CucumberExecutionContext.java:136)\n\tat io.cucumber.testng.TestNGCucumberRunner.runScenario(TestNGCucumberRunner.java:129)\n\tat io.cucumber.testng.AbstractTestNGCucumberTests.runScenario(AbstractTestNGCucumberTests.java:35)\n\tat java.base/jdk.internal.reflect.NativeMethodAccessorImpl.invoke0(Native Method)\n\tat java.base/jdk.internal.reflect.NativeMethodAccessorImpl.invoke(NativeMethodAccessorImpl.java:77)\n\tat java.base/jdk.internal.reflect.DelegatingMethodAccessorImpl.invoke(DelegatingMethodAccessorImpl.java:43)\n\tat java.base/java.lang.reflect.Method.invoke(Method.java:568)\n\tat org.testng.internal.invokers.MethodInvocationHelper.invokeMethod(MethodInvocationHelper.java:141)\n\tat org.testng.internal.invokers.TestInvoker.invokeMethod(TestInvoker.java:686)\n\tat org.testng.internal.invokers.TestInvoker.invokeTestMethod(TestInvoker.java:230)\n\tat org.testng.internal.invokers.TestMethodWithDataProviderMethodWorker.call(TestMethodWithDataProviderMethodWorker.java:81)\n\tat org.testng.internal.thread.Async$AsyncTask.run(Async.java:34)\n\tat java.base/java.util.concurrent.ThreadPoolExecutor.runWorker(ThreadPoolExecutor.java:1136)\n\tat java.base/java.util.concurrent.ThreadPoolExecutor$Worker.run(ThreadPoolExecutor.java:635)\n\tat java.base/java.lang.Thread.run(Thread.java:833)\n"},"stage":"finished","steps":[{"name":"Given User navigates to books store page","status":"passed","statusDetails":{"known":false,"muted":false,"flaky":false},"stage":"finished","steps":[],"attachments":[],"parameters":[],"start":1726601169867,"stop":1726601186489},{"name":"And user searches books with \"JavaScript\" keyword","status":"passed","statusDetails":{"known":false,"muted":false,"flaky":false},"stage":"finished","steps":[],"attachments":[],"parameters":[],"start":1726601186490,"stop":1726601186780},{"name":"Then user verifies that there is not any displayed result","status":"failed","statusDetails":{"known":false,"muted":false,"flaky":false,"message":"Book cannot found with this keyword\nActual: [Learning JavaScript Design Patterns, Speaking JavaScript, Programming JavaScript Applications, Eloquent JavaScript, Second Edition]\nExpected: JavaScript","trace":"java.lang.AssertionError: Book cannot found with this keyword\nActual: [Learning JavaScript Design Patterns, Speaking JavaScript, Programming JavaScript Applications, Eloquent JavaScript, Second Edition]\nExpected: JavaScript\n\tat demo.pages.BasePage.AssertListContainsString(BasePage.java:735)\n\tat demo.steps.BookStoreSteps.userVerifiesThatThereIsNotAnyDisplayedResult(BookStoreSteps.java:45)\n\tat ✽.user verifies that there is not any displayed result(file:///Users/egeacar/Desktop/QAEngineerTask/UI_API_Automation_Demo/src/test/resources/features/bookStore.feature:12)\nCaused by: java.lang.AssertionError: Book cannot found with this keyword expected [true] but found [false]\n\tat org.testng.Assert.fail(Assert.java:111)\n\tat org.testng.Assert.failNotEquals(Assert.java:1578)\n\tat org.testng.Assert.assertTrue(Assert.java:57)\n\tat demo.pages.BasePage.AssertListContainsString(BasePage.java:730)\n\tat demo.steps.BookStoreSteps.userVerifiesThatThereIsNotAnyDisplayedResult(BookStoreSteps.java:45)\n\tat java.base/jdk.internal.reflect.NativeMethodAccessorImpl.invoke0(Native Method)\n\tat java.base/jdk.internal.reflect.NativeMethodAccessorImpl.invoke(NativeMethodAccessorImpl.java:77)\n\tat java.base/jdk.internal.reflect.DelegatingMethodAccessorImpl.invoke(DelegatingMethodAccessorImpl.java:43)\n\tat java.base/java.lang.reflect.Method.invoke(Method.java:568)\n\tat io.cucumber.java.Invoker.doInvoke(Invoker.java:66)\n\tat io.cucumber.java.Invoker.invoke(Invoker.java:24)\n\tat io.cucumber.java.AbstractGlueDefinition.invokeMethod(AbstractGlueDefinition.java:47)\n\tat io.cucumber.java.JavaStepDefinition.execute(JavaStepDefinition.java:29)\n\tat io.cucumber.core.runner.CoreStepDefinition.execute(CoreStepDefinition.java:66)\n\tat io.cucumber.core.runner.PickleStepDefinitionMatch.runStep(PickleStepDefinitionMatch.java:63)\n\tat io.cucumber.core.runner.ExecutionMode$1.execute(ExecutionMode.java:10)\n\tat io.cucumber.core.runner.TestStep.executeStep(TestStep.java:81)\n\tat io.cucumber.core.runner.TestStep.run(TestStep.java:53)\n\tat io.cucumber.core.runner.PickleStepTestStep.run(PickleStepTestStep.java:51)\n\tat io.cucumber.core.runner.TestCase.run(TestCase.java:84)\n\tat io.cucumber.core.runner.Runner.runPickle(Runner.java:75)\n\tat io.cucumber.testng.TestNGCucumberRunner.lambda$runScenario$1(TestNGCucumberRunner.java:132)\n\tat io.cucumber.core.runtime.CucumberExecutionContext.lambda$runTestCase$5(CucumberExecutionContext.java:136)\n\tat io.cucumber.core.runtime.RethrowingThrowableCollector.executeAndThrow(RethrowingThrowableCollector.java:23)\n\tat io.cucumber.core.runtime.CucumberExecutionContext.runTestCase(CucumberExecutionContext.java:136)\n\tat io.cucumber.testng.TestNGCucumberRunner.runScenario(TestNGCucumberRunner.java:129)\n\tat io.cucumber.testng.AbstractTestNGCucumberTests.runScenario(AbstractTestNGCucumberTests.java:35)\n\tat java.base/jdk.internal.reflect.NativeMethodAccessorImpl.invoke0(Native Method)\n\tat java.base/jdk.internal.reflect.NativeMethodAccessorImpl.invoke(NativeMethodAccessorImpl.java:77)\n\tat java.base/jdk.internal.reflect.DelegatingMethodAccessorImpl.invoke(DelegatingMethodAccessorImpl.java:43)\n\tat java.base/java.lang.reflect.Method.invoke(Method.java:568)\n\tat org.testng.internal.invokers.MethodInvocationHelper.invokeMethod(MethodInvocationHelper.java:141)\n\tat org.testng.internal.invokers.TestInvoker.invokeMethod(TestInvoker.java:686)\n\tat org.testng.internal.invokers.TestInvoker.invokeTestMethod(TestInvoker.java:230)\n\tat org.testng.internal.invokers.TestMethodWithDataProviderMethodWorker.call(TestMethodWithDataProviderMethodWorker.java:81)\n\tat org.testng.internal.thread.Async$AsyncTask.run(Async.java:34)\n\tat java.base/java.util.concurrent.ThreadPoolExecutor.runWorker(ThreadPoolExecutor.java:1136)\n\tat java.base/java.util.concurrent.ThreadPoolExecutor$Worker.run(ThreadPoolExecutor.java:635)\n\tat java.base/java.lang.Thread.run(Thread.java:833)\n"},"stage":"finished","steps":[],"attachments":[],"parameters":[],"start":1726601186780,"stop":1726601186870}],"attachments":[],"parameters":[],"start":1726601168181,"stop":1726601187325}