{"uid":"239f5bc325b68266","name":"User can search non-existing books","fullName":"src/test/resources/features/bookStore.feature:9","historyId":"1291f6db5e81aa4514936d6c03e1d5ea","time":{"start":1726600753559,"stop":1726600762208,"duration":8649},"status":"broken","statusMessage":"Cannot invoke \"org.openqa.selenium.WebElement.isDisplayed()\" because \"element\" is null","statusTrace":"java.lang.NullPointerException: Cannot invoke \"org.openqa.selenium.WebElement.isDisplayed()\" because \"element\" is null\n\tat org.openqa.selenium.support.ui.ExpectedConditions.elementIfVisible(ExpectedConditions.java:304)\n\tat org.openqa.selenium.support.ui.ExpectedConditions$10.apply(ExpectedConditions.java:290)\n\tat org.openqa.selenium.support.ui.ExpectedConditions$10.apply(ExpectedConditions.java:287)\n\tat org.openqa.selenium.support.ui.FluentWait.until(FluentWait.java:203)\n\tat demo.pages.BasePage.waitForVisibilityOfElement(BasePage.java:382)\n\tat demo.pages.BasePage.navigateTo(BasePage.java:840)\n\tat demo.steps.BookStoreSteps.userNavigatesToBooksStorePage(BookStoreSteps.java:31)\n\tat ✽.User navigates to books store page(file:///Users/egeacar/Desktop/QAEngineerTask/UI_API_Automation_Demo/src/test/resources/features/bookStore.feature:10)\n","flaky":false,"newFailed":false,"newBroken":false,"newPassed":false,"retriesCount":0,"retriesStatusChange":false,"beforeStages":[{"name":"demo.hooks.Hooks.before(io.cucumber.java.Scenario)","time":{"start":1726600753561,"stop":1726600755840,"duration":2279},"status":"passed","steps":[],"attachments":[],"parameters":[],"shouldDisplayMessage":false,"stepsCount":0,"attachmentsCount":0,"hasContent":false,"attachmentStep":false}],"testStage":{"status":"broken","statusMessage":"Cannot invoke \"org.openqa.selenium.WebElement.isDisplayed()\" because \"element\" is null","statusTrace":"java.lang.NullPointerException: Cannot invoke \"org.openqa.selenium.WebElement.isDisplayed()\" because \"element\" is null\n\tat org.openqa.selenium.support.ui.ExpectedConditions.elementIfVisible(ExpectedConditions.java:304)\n\tat org.openqa.selenium.support.ui.ExpectedConditions$10.apply(ExpectedConditions.java:290)\n\tat org.openqa.selenium.support.ui.ExpectedConditions$10.apply(ExpectedConditions.java:287)\n\tat org.openqa.selenium.support.ui.FluentWait.until(FluentWait.java:203)\n\tat demo.pages.BasePage.waitForVisibilityOfElement(BasePage.java:382)\n\tat demo.pages.BasePage.navigateTo(BasePage.java:840)\n\tat demo.steps.BookStoreSteps.userNavigatesToBooksStorePage(BookStoreSteps.java:31)\n\tat ✽.User navigates to books store page(file:///Users/egeacar/Desktop/QAEngineerTask/UI_API_Automation_Demo/src/test/resources/features/bookStore.feature:10)\n","steps":[{"name":"Given User navigates to books store page","time":{"start":1726600755879,"stop":1726600762184,"duration":6305},"status":"broken","statusMessage":"Cannot invoke \"org.openqa.selenium.WebElement.isDisplayed()\" because \"element\" is null","statusTrace":"java.lang.NullPointerException: Cannot invoke \"org.openqa.selenium.WebElement.isDisplayed()\" because \"element\" is null\n\tat org.openqa.selenium.support.ui.ExpectedConditions.elementIfVisible(ExpectedConditions.java:304)\n\tat org.openqa.selenium.support.ui.ExpectedConditions$10.apply(ExpectedConditions.java:290)\n\tat org.openqa.selenium.support.ui.ExpectedConditions$10.apply(ExpectedConditions.java:287)\n\tat org.openqa.selenium.support.ui.FluentWait.until(FluentWait.java:203)\n\tat demo.pages.BasePage.waitForVisibilityOfElement(BasePage.java:382)\n\tat demo.pages.BasePage.navigateTo(BasePage.java:840)\n\tat demo.steps.BookStoreSteps.userNavigatesToBooksStorePage(BookStoreSteps.java:31)\n\tat ✽.User navigates to books store page(file:///Users/egeacar/Desktop/QAEngineerTask/UI_API_Automation_Demo/src/test/resources/features/bookStore.feature:10)\n","steps":[],"attachments":[],"parameters":[],"shouldDisplayMessage":true,"stepsCount":0,"attachmentsCount":0,"hasContent":true,"attachmentStep":false},{"name":"And user searches books with \"JavaScript\" keyword","time":{"start":1726600762190,"stop":1726600762191,"duration":1},"status":"skipped","steps":[],"attachments":[],"parameters":[],"shouldDisplayMessage":false,"stepsCount":0,"attachmentsCount":0,"hasContent":false,"attachmentStep":false},{"name":"Then user verifies that there is not any displayed result","time":{"start":1726600762191,"stop":1726600762192,"duration":1},"status":"skipped","steps":[],"attachments":[],"parameters":[],"shouldDisplayMessage":false,"stepsCount":0,"attachmentsCount":0,"hasContent":false,"attachmentStep":false}],"attachments":[],"parameters":[],"shouldDisplayMessage":false,"stepsCount":3,"attachmentsCount":0,"hasContent":true,"attachmentStep":false},"afterStages":[{"name":"demo.hooks.Hooks.after(io.cucumber.java.Scenario)","time":{"start":1726600762197,"stop":1726600762207,"duration":10},"status":"broken","statusMessage":"no such window: target window already closed\nfrom unknown error: web view not found\n  (Session info: chrome=128.0.6613.138)\nBuild info: version: '4.23.0', revision: '4df0a231af'\nSystem info: os.name: 'Mac OS X', os.arch: 'aarch64', os.version: '14.4.1', java.version: '17.0.5'\nDriver info: org.openqa.selenium.chrome.ChromeDriver\nCommand: [ba7f48715b27142a4576b1187b4e8e98, screenshot {}]\nCapabilities {acceptInsecureCerts: false, browserName: chrome, browserVersion: 128.0.6613.138, chrome: {chromedriverVersion: 128.0.6613.137 (fe621c5aa2d..., userDataDir: /var/folders/pq/xs3n_zk14lz...}, fedcm:accounts: true, goog:chromeOptions: {debuggerAddress: localhost:51321}, networkConnectionEnabled: false, pageLoadStrategy: normal, platformName: mac, proxy: Proxy(), se:cdp: ws://localhost:51321/devtoo..., se:cdpVersion: 128.0.6613.138, setWindowRect: true, strictFileInteractability: false, timeouts: {implicit: 0, pageLoad: 300000, script: 30000}, unhandledPromptBehavior: dismiss and notify, webauthn:extension:credBlob: true, webauthn:extension:largeBlob: true, webauthn:extension:minPinLength: true, webauthn:extension:prf: true, webauthn:virtualAuthenticators: true}\nSession ID: ba7f48715b27142a4576b1187b4e8e98","statusTrace":"org.openqa.selenium.NoSuchWindowException: no such window: target window already closed\nfrom unknown error: web view not found\n  (Session info: chrome=128.0.6613.138)\nBuild info: version: '4.23.0', revision: '4df0a231af'\nSystem info: os.name: 'Mac OS X', os.arch: 'aarch64', os.version: '14.4.1', java.version: '17.0.5'\nDriver info: org.openqa.selenium.chrome.ChromeDriver\nCommand: [ba7f48715b27142a4576b1187b4e8e98, screenshot {}]\nCapabilities {acceptInsecureCerts: false, browserName: chrome, browserVersion: 128.0.6613.138, chrome: {chromedriverVersion: 128.0.6613.137 (fe621c5aa2d..., userDataDir: /var/folders/pq/xs3n_zk14lz...}, fedcm:accounts: true, goog:chromeOptions: {debuggerAddress: localhost:51321}, networkConnectionEnabled: false, pageLoadStrategy: normal, platformName: mac, proxy: Proxy(), se:cdp: ws://localhost:51321/devtoo..., se:cdpVersion: 128.0.6613.138, setWindowRect: true, strictFileInteractability: false, timeouts: {implicit: 0, pageLoad: 300000, script: 30000}, unhandledPromptBehavior: dismiss and notify, webauthn:extension:credBlob: true, webauthn:extension:largeBlob: true, webauthn:extension:minPinLength: true, webauthn:extension:prf: true, webauthn:virtualAuthenticators: true}\nSession ID: ba7f48715b27142a4576b1187b4e8e98\n\tat java.base/jdk.internal.reflect.NativeConstructorAccessorImpl.newInstance0(Native Method)\n\tat java.base/jdk.internal.reflect.NativeConstructorAccessorImpl.newInstance(NativeConstructorAccessorImpl.java:77)\n\tat java.base/jdk.internal.reflect.DelegatingConstructorAccessorImpl.newInstance(DelegatingConstructorAccessorImpl.java:45)\n\tat java.base/java.lang.reflect.Constructor.newInstanceWithCaller(Constructor.java:499)\n\tat java.base/java.lang.reflect.Constructor.newInstance(Constructor.java:480)\n\tat org.openqa.selenium.remote.ErrorCodec.decode(ErrorCodec.java:167)\n\tat org.openqa.selenium.remote.codec.w3c.W3CHttpResponseCodec.decode(W3CHttpResponseCodec.java:138)\n\tat org.openqa.selenium.remote.codec.w3c.W3CHttpResponseCodec.decode(W3CHttpResponseCodec.java:50)\n\tat org.openqa.selenium.remote.HttpCommandExecutor.execute(HttpCommandExecutor.java:190)\n\tat org.openqa.selenium.remote.service.DriverCommandExecutor.invokeExecute(DriverCommandExecutor.java:216)\n\tat org.openqa.selenium.remote.service.DriverCommandExecutor.execute(DriverCommandExecutor.java:174)\n\tat org.openqa.selenium.remote.RemoteWebDriver.execute(RemoteWebDriver.java:527)\n\tat org.openqa.selenium.remote.RemoteWebDriver.execute(RemoteWebDriver.java:600)\n\tat org.openqa.selenium.remote.RemoteWebDriver.execute(RemoteWebDriver.java:604)\n\tat org.openqa.selenium.remote.RemoteWebDriver.getScreenshotAs(RemoteWebDriver.java:323)\n\tat demo.hooks.Hooks.captureScreenshot(Hooks.java:58)\n\tat demo.hooks.Hooks.after(Hooks.java:47)\n","steps":[],"attachments":[],"parameters":[],"shouldDisplayMessage":true,"stepsCount":0,"attachmentsCount":0,"hasContent":true,"attachmentStep":false}],"labels":[{"name":"tag","value":"regression"},{"name":"tag","value":"ui"},{"name":"tag","value":"bookSearch"},{"name":"host","value":"Ege-MacBook-Pro.home"},{"name":"thread","value":"18726@Ege-MacBook-Pro.home.TestNG-PoolService-2(20)"},{"name":"feature","value":"Book Store Search Box Tests"},{"name":"story","value":"User can search non-existing books"},{"name":"suite","value":"Book Store Search Box Tests"},{"name":"testClass","value":"User can search non-existing books"},{"name":"framework","value":"cucumber4jvm"},{"name":"language","value":"java"},{"name":"gherkin_uri","value":"file:///Users/egeacar/Desktop/QAEngineerTask/UI_API_Automation_Demo/src/test/resources/features/bookStore.feature"},{"name":"package","value":"src.test.resources.features.bookStore_feature.Book Store Search Box Tests"},{"name":"resultFormat","value":"allure2"}],"parameters":[],"links":[],"hidden":true,"retry":true,"extra":{"categories":[],"tags":["ui","bookSearch","regression"]},"source":"239f5bc325b68266.json","parameterValues":[]}