{"uid":"332e9c6c9b068a4c","name":"User can search non-existing books","fullName":"src/test/resources/features/bookStore.feature:9","historyId":"1291f6db5e81aa4514936d6c03e1d5ea","time":{"start":1726601168181,"stop":1726601187325,"duration":19144},"status":"failed","statusMessage":"Book cannot found with this keyword\nActual: [Learning JavaScript Design Patterns, Speaking JavaScript, Programming JavaScript Applications, Eloquent JavaScript, Second Edition]\nExpected: JavaScript","statusTrace":"java.lang.AssertionError: Book cannot found with this keyword\nActual: [Learning JavaScript Design Patterns, Speaking JavaScript, Programming JavaScript Applications, Eloquent JavaScript, Second Edition]\nExpected: JavaScript\n\tat demo.pages.BasePage.AssertListContainsString(BasePage.java:735)\n\tat demo.steps.BookStoreSteps.userVerifiesThatThereIsNotAnyDisplayedResult(BookStoreSteps.java:45)\n\tat ✽.user verifies that there is not any displayed result(file:///Users/egeacar/Desktop/QAEngineerTask/UI_API_Automation_Demo/src/test/resources/features/bookStore.feature:12)\nCaused by: java.lang.AssertionError: Book cannot found with this keyword expected [true] but found [false]\n\tat org.testng.Assert.fail(Assert.java:111)\n\tat org.testng.Assert.failNotEquals(Assert.java:1578)\n\tat org.testng.Assert.assertTrue(Assert.java:57)\n\tat demo.pages.BasePage.AssertListContainsString(BasePage.java:730)\n\tat demo.steps.BookStoreSteps.userVerifiesThatThereIsNotAnyDisplayedResult(BookStoreSteps.java:45)\n\tat java.base/jdk.internal.reflect.NativeMethodAccessorImpl.invoke0(Native Method)\n\tat java.base/jdk.internal.reflect.NativeMethodAccessorImpl.invoke(NativeMethodAccessorImpl.java:77)\n\tat java.base/jdk.internal.reflect.DelegatingMethodAccessorImpl.invoke(DelegatingMethodAccessorImpl.java:43)\n\tat java.base/java.lang.reflect.Method.invoke(Method.java:568)\n\tat io.cucumber.java.Invoker.doInvoke(Invoker.java:66)\n\tat io.cucumber.java.Invoker.invoke(Invoker.java:24)\n\tat io.cucumber.java.AbstractGlueDefinition.invokeMethod(AbstractGlueDefinition.java:47)\n\tat io.cucumber.java.JavaStepDefinition.execute(JavaStepDefinition.java:29)\n\tat io.cucumber.core.runner.CoreStepDefinition.execute(CoreStepDefinition.java:66)\n\tat io.cucumber.core.runner.PickleStepDefinitionMatch.runStep(PickleStepDefinitionMatch.java:63)\n\tat io.cucumber.core.runner.ExecutionMode$1.execute(ExecutionMode.java:10)\n\tat io.cucumber.core.runner.TestStep.executeStep(TestStep.java:81)\n\tat io.cucumber.core.runner.TestStep.run(TestStep.java:53)\n\tat io.cucumber.core.runner.PickleStepTestStep.run(PickleStepTestStep.java:51)\n\tat io.cucumber.core.runner.TestCase.run(TestCase.java:84)\n\tat io.cucumber.core.runner.Runner.runPickle(Runner.java:75)\n\tat io.cucumber.testng.TestNGCucumberRunner.lambda$runScenario$1(TestNGCucumberRunner.java:132)\n\tat io.cucumber.core.runtime.CucumberExecutionContext.lambda$runTestCase$5(CucumberExecutionContext.java:136)\n\tat io.cucumber.core.runtime.RethrowingThrowableCollector.executeAndThrow(RethrowingThrowableCollector.java:23)\n\tat io.cucumber.core.runtime.CucumberExecutionContext.runTestCase(CucumberExecutionContext.java:136)\n\tat io.cucumber.testng.TestNGCucumberRunner.runScenario(TestNGCucumberRunner.java:129)\n\tat io.cucumber.testng.AbstractTestNGCucumberTests.runScenario(AbstractTestNGCucumberTests.java:35)\n\tat java.base/jdk.internal.reflect.NativeMethodAccessorImpl.invoke0(Native Method)\n\tat java.base/jdk.internal.reflect.NativeMethodAccessorImpl.invoke(NativeMethodAccessorImpl.java:77)\n\tat java.base/jdk.internal.reflect.DelegatingMethodAccessorImpl.invoke(DelegatingMethodAccessorImpl.java:43)\n\tat java.base/java.lang.reflect.Method.invoke(Method.java:568)\n\tat org.testng.internal.invokers.MethodInvocationHelper.invokeMethod(MethodInvocationHelper.java:141)\n\tat org.testng.internal.invokers.TestInvoker.invokeMethod(TestInvoker.java:686)\n\tat org.testng.internal.invokers.TestInvoker.invokeTestMethod(TestInvoker.java:230)\n\tat org.testng.internal.invokers.TestMethodWithDataProviderMethodWorker.call(TestMethodWithDataProviderMethodWorker.java:81)\n\tat org.testng.internal.thread.Async$AsyncTask.run(Async.java:34)\n\tat java.base/java.util.concurrent.ThreadPoolExecutor.runWorker(ThreadPoolExecutor.java:1136)\n\tat java.base/java.util.concurrent.ThreadPoolExecutor$Worker.run(ThreadPoolExecutor.java:635)\n\tat java.base/java.lang.Thread.run(Thread.java:833)\n","flaky":false,"newFailed":false,"newBroken":false,"newPassed":false,"retriesCount":5,"retriesStatusChange":true,"beforeStages":[{"name":"demo.hooks.Hooks.before(io.cucumber.java.Scenario)","time":{"start":1726601168183,"stop":1726601169866,"duration":1683},"status":"passed","steps":[],"attachments":[],"parameters":[],"shouldDisplayMessage":false,"stepsCount":0,"attachmentsCount":0,"hasContent":false,"attachmentStep":false}],"testStage":{"status":"failed","statusMessage":"Book cannot found with this keyword\nActual: [Learning JavaScript Design Patterns, Speaking JavaScript, Programming JavaScript Applications, Eloquent JavaScript, Second Edition]\nExpected: JavaScript","statusTrace":"java.lang.AssertionError: Book cannot found with this keyword\nActual: [Learning JavaScript Design Patterns, Speaking JavaScript, Programming JavaScript Applications, Eloquent JavaScript, Second Edition]\nExpected: JavaScript\n\tat demo.pages.BasePage.AssertListContainsString(BasePage.java:735)\n\tat demo.steps.BookStoreSteps.userVerifiesThatThereIsNotAnyDisplayedResult(BookStoreSteps.java:45)\n\tat ✽.user verifies that there is not any displayed result(file:///Users/egeacar/Desktop/QAEngineerTask/UI_API_Automation_Demo/src/test/resources/features/bookStore.feature:12)\nCaused by: java.lang.AssertionError: Book cannot found with this keyword expected [true] but found [false]\n\tat org.testng.Assert.fail(Assert.java:111)\n\tat org.testng.Assert.failNotEquals(Assert.java:1578)\n\tat org.testng.Assert.assertTrue(Assert.java:57)\n\tat demo.pages.BasePage.AssertListContainsString(BasePage.java:730)\n\tat demo.steps.BookStoreSteps.userVerifiesThatThereIsNotAnyDisplayedResult(BookStoreSteps.java:45)\n\tat java.base/jdk.internal.reflect.NativeMethodAccessorImpl.invoke0(Native Method)\n\tat java.base/jdk.internal.reflect.NativeMethodAccessorImpl.invoke(NativeMethodAccessorImpl.java:77)\n\tat java.base/jdk.internal.reflect.DelegatingMethodAccessorImpl.invoke(DelegatingMethodAccessorImpl.java:43)\n\tat java.base/java.lang.reflect.Method.invoke(Method.java:568)\n\tat io.cucumber.java.Invoker.doInvoke(Invoker.java:66)\n\tat io.cucumber.java.Invoker.invoke(Invoker.java:24)\n\tat io.cucumber.java.AbstractGlueDefinition.invokeMethod(AbstractGlueDefinition.java:47)\n\tat io.cucumber.java.JavaStepDefinition.execute(JavaStepDefinition.java:29)\n\tat io.cucumber.core.runner.CoreStepDefinition.execute(CoreStepDefinition.java:66)\n\tat io.cucumber.core.runner.PickleStepDefinitionMatch.runStep(PickleStepDefinitionMatch.java:63)\n\tat io.cucumber.core.runner.ExecutionMode$1.execute(ExecutionMode.java:10)\n\tat io.cucumber.core.runner.TestStep.executeStep(TestStep.java:81)\n\tat io.cucumber.core.runner.TestStep.run(TestStep.java:53)\n\tat io.cucumber.core.runner.PickleStepTestStep.run(PickleStepTestStep.java:51)\n\tat io.cucumber.core.runner.TestCase.run(TestCase.java:84)\n\tat io.cucumber.core.runner.Runner.runPickle(Runner.java:75)\n\tat io.cucumber.testng.TestNGCucumberRunner.lambda$runScenario$1(TestNGCucumberRunner.java:132)\n\tat io.cucumber.core.runtime.CucumberExecutionContext.lambda$runTestCase$5(CucumberExecutionContext.java:136)\n\tat io.cucumber.core.runtime.RethrowingThrowableCollector.executeAndThrow(RethrowingThrowableCollector.java:23)\n\tat io.cucumber.core.runtime.CucumberExecutionContext.runTestCase(CucumberExecutionContext.java:136)\n\tat io.cucumber.testng.TestNGCucumberRunner.runScenario(TestNGCucumberRunner.java:129)\n\tat io.cucumber.testng.AbstractTestNGCucumberTests.runScenario(AbstractTestNGCucumberTests.java:35)\n\tat java.base/jdk.internal.reflect.NativeMethodAccessorImpl.invoke0(Native Method)\n\tat java.base/jdk.internal.reflect.NativeMethodAccessorImpl.invoke(NativeMethodAccessorImpl.java:77)\n\tat java.base/jdk.internal.reflect.DelegatingMethodAccessorImpl.invoke(DelegatingMethodAccessorImpl.java:43)\n\tat java.base/java.lang.reflect.Method.invoke(Method.java:568)\n\tat org.testng.internal.invokers.MethodInvocationHelper.invokeMethod(MethodInvocationHelper.java:141)\n\tat org.testng.internal.invokers.TestInvoker.invokeMethod(TestInvoker.java:686)\n\tat org.testng.internal.invokers.TestInvoker.invokeTestMethod(TestInvoker.java:230)\n\tat org.testng.internal.invokers.TestMethodWithDataProviderMethodWorker.call(TestMethodWithDataProviderMethodWorker.java:81)\n\tat org.testng.internal.thread.Async$AsyncTask.run(Async.java:34)\n\tat java.base/java.util.concurrent.ThreadPoolExecutor.runWorker(ThreadPoolExecutor.java:1136)\n\tat java.base/java.util.concurrent.ThreadPoolExecutor$Worker.run(ThreadPoolExecutor.java:635)\n\tat java.base/java.lang.Thread.run(Thread.java:833)\n","steps":[{"name":"Given User navigates to books store page","time":{"start":1726601169867,"stop":1726601186489,"duration":16622},"status":"passed","steps":[],"attachments":[],"parameters":[],"shouldDisplayMessage":false,"stepsCount":0,"attachmentsCount":0,"hasContent":false,"attachmentStep":false},{"name":"And user searches books with \"JavaScript\" keyword","time":{"start":1726601186490,"stop":1726601186780,"duration":290},"status":"passed","steps":[],"attachments":[],"parameters":[],"shouldDisplayMessage":false,"stepsCount":0,"attachmentsCount":0,"hasContent":false,"attachmentStep":false},{"name":"Then user verifies that there is not any displayed result","time":{"start":1726601186780,"stop":1726601186870,"duration":90},"status":"failed","statusMessage":"Book cannot found with this keyword\nActual: [Learning JavaScript Design Patterns, Speaking JavaScript, Programming JavaScript Applications, Eloquent JavaScript, Second Edition]\nExpected: JavaScript","statusTrace":"java.lang.AssertionError: Book cannot found with this keyword\nActual: [Learning JavaScript Design Patterns, Speaking JavaScript, Programming JavaScript Applications, Eloquent JavaScript, Second Edition]\nExpected: JavaScript\n\tat demo.pages.BasePage.AssertListContainsString(BasePage.java:735)\n\tat demo.steps.BookStoreSteps.userVerifiesThatThereIsNotAnyDisplayedResult(BookStoreSteps.java:45)\n\tat ✽.user verifies that there is not any displayed result(file:///Users/egeacar/Desktop/QAEngineerTask/UI_API_Automation_Demo/src/test/resources/features/bookStore.feature:12)\nCaused by: java.lang.AssertionError: Book cannot found with this keyword expected [true] but found [false]\n\tat org.testng.Assert.fail(Assert.java:111)\n\tat org.testng.Assert.failNotEquals(Assert.java:1578)\n\tat org.testng.Assert.assertTrue(Assert.java:57)\n\tat demo.pages.BasePage.AssertListContainsString(BasePage.java:730)\n\tat demo.steps.BookStoreSteps.userVerifiesThatThereIsNotAnyDisplayedResult(BookStoreSteps.java:45)\n\tat java.base/jdk.internal.reflect.NativeMethodAccessorImpl.invoke0(Native Method)\n\tat java.base/jdk.internal.reflect.NativeMethodAccessorImpl.invoke(NativeMethodAccessorImpl.java:77)\n\tat java.base/jdk.internal.reflect.DelegatingMethodAccessorImpl.invoke(DelegatingMethodAccessorImpl.java:43)\n\tat java.base/java.lang.reflect.Method.invoke(Method.java:568)\n\tat io.cucumber.java.Invoker.doInvoke(Invoker.java:66)\n\tat io.cucumber.java.Invoker.invoke(Invoker.java:24)\n\tat io.cucumber.java.AbstractGlueDefinition.invokeMethod(AbstractGlueDefinition.java:47)\n\tat io.cucumber.java.JavaStepDefinition.execute(JavaStepDefinition.java:29)\n\tat io.cucumber.core.runner.CoreStepDefinition.execute(CoreStepDefinition.java:66)\n\tat io.cucumber.core.runner.PickleStepDefinitionMatch.runStep(PickleStepDefinitionMatch.java:63)\n\tat io.cucumber.core.runner.ExecutionMode$1.execute(ExecutionMode.java:10)\n\tat io.cucumber.core.runner.TestStep.executeStep(TestStep.java:81)\n\tat io.cucumber.core.runner.TestStep.run(TestStep.java:53)\n\tat io.cucumber.core.runner.PickleStepTestStep.run(PickleStepTestStep.java:51)\n\tat io.cucumber.core.runner.TestCase.run(TestCase.java:84)\n\tat io.cucumber.core.runner.Runner.runPickle(Runner.java:75)\n\tat io.cucumber.testng.TestNGCucumberRunner.lambda$runScenario$1(TestNGCucumberRunner.java:132)\n\tat io.cucumber.core.runtime.CucumberExecutionContext.lambda$runTestCase$5(CucumberExecutionContext.java:136)\n\tat io.cucumber.core.runtime.RethrowingThrowableCollector.executeAndThrow(RethrowingThrowableCollector.java:23)\n\tat io.cucumber.core.runtime.CucumberExecutionContext.runTestCase(CucumberExecutionContext.java:136)\n\tat io.cucumber.testng.TestNGCucumberRunner.runScenario(TestNGCucumberRunner.java:129)\n\tat io.cucumber.testng.AbstractTestNGCucumberTests.runScenario(AbstractTestNGCucumberTests.java:35)\n\tat java.base/jdk.internal.reflect.NativeMethodAccessorImpl.invoke0(Native Method)\n\tat java.base/jdk.internal.reflect.NativeMethodAccessorImpl.invoke(NativeMethodAccessorImpl.java:77)\n\tat java.base/jdk.internal.reflect.DelegatingMethodAccessorImpl.invoke(DelegatingMethodAccessorImpl.java:43)\n\tat java.base/java.lang.reflect.Method.invoke(Method.java:568)\n\tat org.testng.internal.invokers.MethodInvocationHelper.invokeMethod(MethodInvocationHelper.java:141)\n\tat org.testng.internal.invokers.TestInvoker.invokeMethod(TestInvoker.java:686)\n\tat org.testng.internal.invokers.TestInvoker.invokeTestMethod(TestInvoker.java:230)\n\tat org.testng.internal.invokers.TestMethodWithDataProviderMethodWorker.call(TestMethodWithDataProviderMethodWorker.java:81)\n\tat org.testng.internal.thread.Async$AsyncTask.run(Async.java:34)\n\tat java.base/java.util.concurrent.ThreadPoolExecutor.runWorker(ThreadPoolExecutor.java:1136)\n\tat java.base/java.util.concurrent.ThreadPoolExecutor$Worker.run(ThreadPoolExecutor.java:635)\n\tat java.base/java.lang.Thread.run(Thread.java:833)\n","steps":[],"attachments":[],"parameters":[],"shouldDisplayMessage":true,"stepsCount":0,"attachmentsCount":0,"hasContent":true,"attachmentStep":false}],"attachments":[],"parameters":[],"shouldDisplayMessage":false,"stepsCount":3,"attachmentsCount":0,"hasContent":true,"attachmentStep":false},"afterStages":[{"name":"demo.hooks.Hooks.after(io.cucumber.java.Scenario)","time":{"start":1726601186871,"stop":1726601187323,"duration":452},"status":"passed","steps":[],"attachments":[{"uid":"4177c63649afe7ec","name":"screenshot","source":"4177c63649afe7ec.png","type":"image/png","size":1176414}],"parameters":[],"shouldDisplayMessage":false,"stepsCount":0,"attachmentsCount":1,"hasContent":true,"attachmentStep":false}],"labels":[{"name":"tag","value":"regression"},{"name":"tag","value":"ui"},{"name":"tag","value":"bookSearch"},{"name":"host","value":"Ege-MacBook-Pro.home"},{"name":"thread","value":"19344@Ege-MacBook-Pro.home.TestNG-PoolService-2(20)"},{"name":"feature","value":"Book Store Search Box Tests"},{"name":"story","value":"User can search non-existing books"},{"name":"suite","value":"Book Store Search Box Tests"},{"name":"testClass","value":"User can search non-existing books"},{"name":"framework","value":"cucumber4jvm"},{"name":"language","value":"java"},{"name":"gherkin_uri","value":"file:///Users/egeacar/Desktop/QAEngineerTask/UI_API_Automation_Demo/src/test/resources/features/bookStore.feature"},{"name":"package","value":"src.test.resources.features.bookStore_feature.Book Store Search Box Tests"},{"name":"resultFormat","value":"allure2"}],"parameters":[],"links":[],"hidden":false,"retry":false,"extra":{"severity":"normal","retries":[{"uid":"9197ce8578fd1f91","status":"broken","statusDetails":"Cannot invoke \"org.openqa.selenium.WebElement.isDisplayed()\" because \"element\" is null","time":{"start":1726600987649,"stop":1726601002886,"duration":15237}},{"uid":"4468b22463efb3de","status":"broken","statusDetails":"Cannot invoke \"org.openqa.selenium.WebElement.isDisplayed()\" because \"element\" is null","time":{"start":1726600916212,"stop":1726600920122,"duration":3910}},{"uid":"37a497a86176f55","status":"broken","statusDetails":"Cannot invoke \"org.openqa.selenium.WebElement.isDisplayed()\" because \"element\" is null","time":{"start":1726600860846,"stop":1726600864876,"duration":4030}},{"uid":"2d33ca5bafa9418e","status":"broken","statusDetails":"Cannot invoke \"org.openqa.selenium.WebElement.isDisplayed()\" because \"element\" is null","time":{"start":1726600779810,"stop":1726600783986,"duration":4176}},{"uid":"ed7dab0f8363d021","status":"broken","statusDetails":"Cannot invoke \"org.openqa.selenium.WebElement.isDisplayed()\" because \"element\" is null","time":{"start":1726600753559,"stop":1726600762208,"duration":8649}}],"categories":[{"name":"Product defects","matchedStatuses":[],"flaky":false}],"tags":["ui","bookSearch","regression"]},"source":"332e9c6c9b068a4c.json","parameterValues":[]}